0 info it worked if it ends with ok
1 verbose cli [ '/usr/local/Cellar/node/7.7.4/bin/node',
1 verbose cli   '/usr/local/bin/npm',
1 verbose cli   'start' ]
2 info using npm@4.1.2
3 info using node@v7.7.4
4 verbose run-script [ 'prestart', 'start', 'poststart' ]
5 info lifecycle pluto@0.0.1~prestart: pluto@0.0.1
6 silly lifecycle pluto@0.0.1~prestart: no script for prestart, continuing
7 info lifecycle pluto@0.0.1~start: pluto@0.0.1
8 verbose lifecycle pluto@0.0.1~start: unsafe-perm in lifecycle true
9 verbose lifecycle pluto@0.0.1~start: PATH: /usr/local/lib/node_modules/npm/bin/node-gyp-bin:/Users/surya.kumar/pluto/node_modules/.bin:/usr/local/bin:/usr/bin:/bin:/usr/sbin:/sbin
10 verbose lifecycle pluto@0.0.1~start: CWD: /Users/surya.kumar/pluto
11 silly lifecycle pluto@0.0.1~start: Args: [ '-c', 'grunt serve' ]
12 silly lifecycle pluto@0.0.1~start: Returned: code: 6  signal: null
13 info lifecycle pluto@0.0.1~start: Failed to exec start script
14 verbose stack Error: pluto@0.0.1 start: `grunt serve`
14 verbose stack Exit status 6
14 verbose stack     at EventEmitter.<anonymous> (/usr/local/lib/node_modules/npm/lib/utils/lifecycle.js:279:16)
14 verbose stack     at emitTwo (events.js:106:13)
14 verbose stack     at EventEmitter.emit (events.js:194:7)
14 verbose stack     at ChildProcess.<anonymous> (/usr/local/lib/node_modules/npm/lib/utils/spawn.js:40:14)
14 verbose stack     at emitTwo (events.js:106:13)
14 verbose stack     at ChildProcess.emit (events.js:194:7)
14 verbose stack     at maybeClose (internal/child_process.js:899:16)
14 verbose stack     at Process.ChildProcess._handle.onexit (internal/child_process.js:226:5)
15 verbose pkgid pluto@0.0.1
16 verbose cwd /Users/surya.kumar/pluto
17 error Darwin 14.5.0
18 error argv "/usr/local/Cellar/node/7.7.4/bin/node" "/usr/local/bin/npm" "start"
19 error node v7.7.4
20 error npm  v4.1.2
21 error code ELIFECYCLE
22 error pluto@0.0.1 start: `grunt serve`
22 error Exit status 6
23 error Failed at the pluto@0.0.1 start script 'grunt serve'.
23 error Make sure you have the latest version of node.js and npm installed.
23 error If you do, this is most likely a problem with the pluto package,
23 error not with npm itself.
23 error Tell the author that this fails on your system:
23 error     grunt serve
23 error You can get information on how to open an issue for this project with:
23 error     npm bugs pluto
23 error Or if that isn't available, you can get their info via:
23 error     npm owner ls pluto
23 error There is likely additional logging output above.
24 verbose exit [ 1, true ]
